<?xml version="1.0" encoding="UTF-8"?>
<testng-results ignored="0" total="1" passed="1" failed="0" skipped="0">
  <reporter-output>
  </reporter-output>
  <suite started-at="2022-10-25T05:50:58Z" name="Default suite" finished-at="2022-10-25T05:51:25Z" duration-ms="27843">
    <groups>
    </groups>
    <test started-at="2022-10-25T05:50:58Z" name="Default test" finished-at="2022-10-25T05:51:25Z" duration-ms="27843">
      <class name="Appiumnew.eCommerce_tc_1">
        <test-method is-config="true" signature="ConfigureAppium()[pri:0, instance:Appiumnew.eCommerce_tc_1@1984b1f]" started-at="2022-10-25T05:50:58Z" name="ConfigureAppium" finished-at="2022-10-25T05:51:05Z" duration-ms="7118" status="PASS">
          <reporter-output>
          </reporter-output>
        </test-method> <!-- ConfigureAppium -->
        <test-method signature="FillForm()[pri:0, instance:Appiumnew.eCommerce_tc_1@1984b1f]" started-at="2022-10-25T05:51:05Z" name="FillForm" finished-at="2022-10-25T05:51:25Z" duration-ms="20179" status="PASS">
          <reporter-output>
          </reporter-output>
        </test-method> <!-- FillForm -->
        <test-method is-config="true" signature="tearDown()[pri:0, instance:Appiumnew.eCommerce_tc_1@1984b1f]" started-at="2022-10-25T05:51:25Z" name="tearDown" finished-at="2022-10-25T05:51:25Z" duration-ms="528" status="PASS">
          <reporter-output>
          </reporter-output>
        </test-method> <!-- tearDown -->
      </class> <!-- Appiumnew.eCommerce_tc_1 -->
    </test> <!-- Default test -->
  </suite> <!-- Default suite -->
</testng-results>
