<?xml version="1.0" encoding="UTF-8"?>
<testng-results ignored="0" total="1" passed="1" failed="0" skipped="0">
  <reporter-output>
  </reporter-output>
  <suite started-at="2022-10-16T15:52:54Z" name="Default suite" finished-at="2022-10-16T15:53:48Z" duration-ms="53417">
    <groups>
    </groups>
    <test started-at="2022-10-16T15:52:54Z" name="Default test" finished-at="2022-10-16T15:53:48Z" duration-ms="53417">
      <class name="Appiumnew.ScrollDemo">
        <test-method is-config="true" signature="ConfigureAppium()[pri:0, instance:Appiumnew.ScrollDemo@36060e]" started-at="2022-10-16T15:52:54Z" name="ConfigureAppium" finished-at="2022-10-16T15:53:19Z" duration-ms="25014" status="PASS">
          <reporter-output>
          </reporter-output>
        </test-method> <!-- ConfigureAppium -->
        <test-method signature="ScrollDemoTest()[pri:0, instance:Appiumnew.ScrollDemo@36060e]" started-at="2022-10-16T15:53:19Z" name="ScrollDemoTest" finished-at="2022-10-16T15:53:47Z" duration-ms="27717" status="PASS">
          <reporter-output>
          </reporter-output>
        </test-method> <!-- ScrollDemoTest -->
        <test-method is-config="true" signature="tearDown()[pri:0, instance:Appiumnew.ScrollDemo@36060e]" started-at="2022-10-16T15:53:47Z" name="tearDown" finished-at="2022-10-16T15:53:48Z" duration-ms="677" status="PASS">
          <reporter-output>
          </reporter-output>
        </test-method> <!-- tearDown -->
      </class> <!-- Appiumnew.ScrollDemo -->
    </test> <!-- Default test -->
  </suite> <!-- Default suite -->
</testng-results>
